{"/Users/pooyaparidel/WebstormProjects/MojioClientLite/src/MojioClientLite.js":{"path":"/Users/pooyaparidel/WebstormProjects/MojioClientLite/src/MojioClientLite.js","s":{"1":1,"2":1,"3":1,"4":1,"5":1,"6":0,"7":1,"8":1,"9":5,"10":5,"11":1,"12":1,"13":1,"14":1,"15":1,"16":1,"17":1,"18":0,"19":1,"20":1,"21":1,"22":1,"23":1,"24":0,"25":0,"26":1,"27":1,"28":1,"29":4,"30":4,"31":1,"32":3,"33":1,"34":1,"35":0,"36":1,"37":0,"38":1,"39":1,"40":1,"41":0,"42":1,"43":1,"44":1,"45":1,"46":1,"47":0,"48":0,"49":0,"50":0,"51":1,"52":0,"53":1,"54":0,"55":0,"56":1,"57":5,"58":5,"59":5,"60":10,"61":10,"62":53,"63":5,"64":1,"65":1,"66":88,"67":4,"68":1,"69":1,"70":0,"71":1,"72":1,"73":0,"74":1,"75":1,"76":1,"77":4,"78":4,"79":4,"80":4,"81":4,"82":4,"83":4,"84":4,"85":4,"86":4,"87":4,"88":4,"89":4,"90":4,"91":4,"92":4,"93":4,"94":4,"95":4,"96":4,"97":4,"98":4,"99":4,"100":0,"101":4,"102":4,"103":4,"104":4,"105":0,"106":0,"107":4,"108":4,"109":4,"110":4,"111":4,"112":1,"113":1,"114":1,"115":1,"116":1,"117":1,"118":1,"119":0,"120":0,"121":0,"122":0,"123":1,"124":0,"125":0,"126":0,"127":0,"128":0,"129":1,"130":0,"131":0,"132":0,"133":0,"134":1,"135":0,"136":0,"137":0,"138":0,"139":0,"140":0,"141":0,"142":0,"143":0,"144":0,"145":1,"146":0,"147":0,"148":0,"149":0,"150":0,"151":0,"152":0,"153":0,"154":0,"155":0,"156":0,"157":0,"158":0,"159":0,"160":0,"161":1,"162":1,"163":1,"164":0,"165":1,"166":0,"167":0,"168":0,"169":0,"170":0,"171":0,"172":0,"173":0,"174":0,"175":0,"176":0,"177":0,"178":0,"179":0,"180":0,"181":0,"182":0,"183":0,"184":0,"185":0,"186":0,"187":0,"188":0,"189":0,"190":0,"191":0,"192":0,"193":1,"194":0,"195":0,"196":0,"197":0,"198":0,"199":0,"200":0,"201":0,"202":1,"203":1,"204":1,"205":1,"206":0,"207":0,"208":0,"209":0,"210":0,"211":0,"212":0,"213":0,"214":0,"215":0,"216":0,"217":0,"218":0,"219":0,"220":0,"221":0,"222":1,"223":1,"224":1,"225":1,"226":0,"227":0,"228":0,"229":0,"230":0,"231":0,"232":0,"233":0,"234":0,"235":0,"236":1,"237":0,"238":0,"239":0,"240":0,"241":0,"242":1,"243":0,"244":0,"245":0,"246":0,"247":0,"248":1,"249":0,"250":0,"251":0,"252":0,"253":0,"254":1,"255":0,"256":0,"257":0,"258":0,"259":0,"260":0,"261":1,"262":0,"263":0,"264":0,"265":0,"266":0,"267":0,"268":1,"269":0,"270":0,"271":0,"272":0,"273":1,"274":0,"275":0,"276":0,"277":0,"278":0,"279":0,"280":0,"281":0,"282":0,"283":0,"284":0,"285":0,"286":1,"287":0,"288":0,"289":0,"290":0,"291":0,"292":0,"293":0,"294":0,"295":0,"296":0,"297":0,"298":0,"299":0,"300":0,"301":0,"302":0,"303":0,"304":1,"305":0,"306":0,"307":0,"308":0,"309":0,"310":0,"311":0,"312":0,"313":0,"314":0,"315":0,"316":0,"317":0,"318":1,"319":0,"320":0,"321":0,"322":0,"323":0,"324":1,"325":0,"326":0,"327":0,"328":0,"329":0,"330":0,"331":0,"332":0,"333":0,"334":0,"335":0,"336":0,"337":0,"338":1,"339":0,"340":0,"341":0,"342":0,"343":0,"344":0,"345":0,"346":0,"347":0,"348":0,"349":1,"350":0,"351":0,"352":0,"353":0,"354":0,"355":0,"356":0,"357":0,"358":1,"359":1,"360":1,"361":0,"362":0,"363":0,"364":0},"b":{"1":[0,1],"2":[5,0],"3":[1,0],"4":[1,1],"5":[1,0],"6":[1,0],"7":[0,1],"8":[1,0],"9":[4,0],"10":[1,3],"11":[0,1],"12":[0,1],"13":[0,1],"14":[1,1],"15":[1,0],"16":[1,0],"17":[0,0],"18":[0,0],"19":[0,1],"20":[1,1],"21":[0,1],"22":[1,1],"23":[0,4],"24":[0,4],"25":[1,0],"26":[0,0],"27":[0,0],"28":[0,0],"29":[0,0],"30":[0,0],"31":[0,0],"32":[0,0],"33":[0,0],"34":[0,0,0,0],"35":[0,0],"36":[0,0],"37":[0,0],"38":[1,0],"39":[0,0],"40":[1,0],"41":[0,0],"42":[0,0],"43":[0,0],"44":[0,0],"45":[0,0],"46":[0,0],"47":[0,0],"48":[0,0],"49":[1,0],"50":[1,1],"51":[0,0],"52":[0,0]},"f":{"1":1,"2":1,"3":1,"4":1,"5":1,"6":1,"7":0,"8":0,"9":1,"10":0,"11":0,"12":5,"13":10,"14":88,"15":4,"16":1,"17":1,"18":4,"19":0,"20":1,"21":1,"22":0,"23":1,"24":0,"25":0,"26":0,"27":0,"28":0,"29":0,"30":1,"31":0,"32":0,"33":0,"34":0,"35":0,"36":0,"37":0,"38":0,"39":0,"40":0,"41":0,"42":0,"43":0,"44":1,"45":0,"46":0,"47":0,"48":0,"49":0,"50":0,"51":0,"52":0,"53":0,"54":0,"55":0,"56":0,"57":0,"58":0,"59":0,"60":1,"61":0,"62":0,"63":0,"64":0,"65":0,"66":0,"67":0,"68":0,"69":0,"70":0,"71":0,"72":0,"73":0,"74":0,"75":0,"76":0,"77":0,"78":0,"79":0,"80":0,"81":0,"82":0,"83":0,"84":0,"85":0,"86":0,"87":0,"88":0,"89":0,"90":0,"91":0,"92":0,"93":0,"94":0,"95":0,"96":0,"97":0,"98":0,"99":0,"100":0,"101":0,"102":0,"103":0,"104":0,"105":0,"106":0,"107":0,"108":0,"109":0,"110":0,"111":0,"112":0,"113":0,"114":0,"115":0,"116":0,"117":0,"118":0,"119":0,"120":0,"121":0,"122":0,"123":0,"124":0,"125":0,"126":0,"127":0,"128":0,"129":0,"130":0,"131":0,"132":0,"133":0,"134":0,"135":0,"136":0,"137":0,"138":0,"139":0,"140":0,"141":0,"142":0,"143":0,"144":0,"145":0,"146":0,"147":0,"148":0,"149":0,"150":0,"151":0,"152":0,"153":0,"154":0,"155":0,"156":0,"157":0,"158":0,"159":0,"160":0,"161":0},"fnMap":{"1":{"name":"(anonymous_1)","line":5,"loc":{"start":{"line":5,"column":1},"end":{"line":5,"column":12}}},"2":{"name":"(anonymous_2)","line":7,"loc":{"start":{"line":7,"column":16},"end":{"line":7,"column":30}}},"3":{"name":"(anonymous_3)","line":8,"loc":{"start":{"line":8,"column":22},"end":{"line":8,"column":37}}},"4":{"name":"(anonymous_4)","line":24,"loc":{"start":{"line":24,"column":18},"end":{"line":24,"column":55}}},"5":{"name":"(anonymous_5)","line":25,"loc":{"start":{"line":25,"column":35},"end":{"line":25,"column":61}}},"6":{"name":"(anonymous_6)","line":60,"loc":{"start":{"line":60,"column":36},"end":{"line":60,"column":47}}},"7":{"name":"(anonymous_7)","line":70,"loc":{"start":{"line":70,"column":37},"end":{"line":70,"column":48}}},"8":{"name":"(anonymous_8)","line":80,"loc":{"start":{"line":80,"column":19},"end":{"line":80,"column":43}}},"9":{"name":"(anonymous_9)","line":83,"loc":{"start":{"line":83,"column":20},"end":{"line":83,"column":44}}},"10":{"name":"(anonymous_10)","line":86,"loc":{"start":{"line":86,"column":19},"end":{"line":86,"column":43}}},"11":{"name":"(anonymous_11)","line":89,"loc":{"start":{"line":89,"column":22},"end":{"line":89,"column":46}}},"12":{"name":"(anonymous_12)","line":95,"loc":{"start":{"line":95,"column":17},"end":{"line":95,"column":34}}},"13":{"name":"(anonymous_13)","line":98,"loc":{"start":{"line":98,"column":24},"end":{"line":98,"column":41}}},"14":{"name":"(anonymous_14)","line":109,"loc":{"start":{"line":109,"column":15},"end":{"line":109,"column":31}}},"15":{"name":"(anonymous_15)","line":109,"loc":{"start":{"line":109,"column":40},"end":{"line":109,"column":50}}},"16":{"name":"(anonymous_16)","line":111,"loc":{"start":{"line":111,"column":20},"end":{"line":111,"column":50}}},"17":{"name":"(anonymous_17)","line":129,"loc":{"start":{"line":129,"column":27},"end":{"line":129,"column":38}}},"18":{"name":"MojioClientLite","line":130,"loc":{"start":{"line":130,"column":8},"end":{"line":130,"column":39}}},"19":{"name":"(anonymous_19)","line":165,"loc":{"start":{"line":165,"column":32},"end":{"line":165,"column":43}}},"20":{"name":"(anonymous_20)","line":184,"loc":{"start":{"line":184,"column":46},"end":{"line":184,"column":70}}},"21":{"name":"(anonymous_21)","line":198,"loc":{"start":{"line":198,"column":35},"end":{"line":198,"column":61}}},"22":{"name":"(anonymous_22)","line":199,"loc":{"start":{"line":199,"column":139},"end":{"line":199,"column":154}}},"23":{"name":"(anonymous_23)","line":205,"loc":{"start":{"line":205,"column":23},"end":{"line":205,"column":38}}},"24":{"name":"(anonymous_24)","line":225,"loc":{"start":{"line":225,"column":43},"end":{"line":225,"column":54}}},"25":{"name":"(anonymous_25)","line":237,"loc":{"start":{"line":237,"column":49},"end":{"line":237,"column":60}}},"26":{"name":"(anonymous_26)","line":248,"loc":{"start":{"line":248,"column":31},"end":{"line":248,"column":57}}},"27":{"name":"(anonymous_27)","line":249,"loc":{"start":{"line":249,"column":135},"end":{"line":249,"column":150}}},"28":{"name":"(anonymous_28)","line":256,"loc":{"start":{"line":256,"column":19},"end":{"line":256,"column":34}}},"29":{"name":"(anonymous_29)","line":262,"loc":{"start":{"line":262,"column":42},"end":{"line":262,"column":53}}},"30":{"name":"(anonymous_30)","line":286,"loc":{"start":{"line":286,"column":43},"end":{"line":286,"column":54}}},"31":{"name":"(anonymous_31)","line":295,"loc":{"start":{"line":295,"column":42},"end":{"line":295,"column":53}}},"32":{"name":"(anonymous_32)","line":296,"loc":{"start":{"line":296,"column":22},"end":{"line":296,"column":33}}},"33":{"name":"qc","line":297,"loc":{"start":{"line":297,"column":16},"end":{"line":297,"column":30}}},"34":{"name":"(anonymous_34)","line":310,"loc":{"start":{"line":310,"column":35},"end":{"line":310,"column":49}}},"35":{"name":"(anonymous_35)","line":315,"loc":{"start":{"line":315,"column":36},"end":{"line":315,"column":51}}},"36":{"name":"(anonymous_36)","line":320,"loc":{"start":{"line":320,"column":38},"end":{"line":320,"column":55}}},"37":{"name":"(anonymous_37)","line":325,"loc":{"start":{"line":325,"column":38},"end":{"line":325,"column":55}}},"38":{"name":"(anonymous_38)","line":330,"loc":{"start":{"line":330,"column":39},"end":{"line":330,"column":57}}},"39":{"name":"(anonymous_39)","line":335,"loc":{"start":{"line":335,"column":39},"end":{"line":335,"column":50}}},"40":{"name":"(anonymous_40)","line":345,"loc":{"start":{"line":345,"column":44},"end":{"line":345,"column":73}}},"41":{"name":"(anonymous_41)","line":352,"loc":{"start":{"line":352,"column":31},"end":{"line":352,"column":57}}},"42":{"name":"(anonymous_42)","line":353,"loc":{"start":{"line":353,"column":124},"end":{"line":353,"column":139}}},"43":{"name":"(anonymous_43)","line":355,"loc":{"start":{"line":355,"column":19},"end":{"line":355,"column":34}}},"44":{"name":"(anonymous_44)","line":361,"loc":{"start":{"line":361,"column":40},"end":{"line":361,"column":51}}},"45":{"name":"(anonymous_45)","line":366,"loc":{"start":{"line":366,"column":24},"end":{"line":366,"column":47}}},"46":{"name":"(anonymous_46)","line":367,"loc":{"start":{"line":367,"column":27},"end":{"line":367,"column":50}}},"47":{"name":"(anonymous_47)","line":368,"loc":{"start":{"line":368,"column":28},"end":{"line":368,"column":51}}},"48":{"name":"(anonymous_48)","line":369,"loc":{"start":{"line":369,"column":30},"end":{"line":369,"column":53}}},"49":{"name":"(anonymous_49)","line":370,"loc":{"start":{"line":370,"column":26},"end":{"line":370,"column":49}}},"50":{"name":"(anonymous_50)","line":371,"loc":{"start":{"line":371,"column":28},"end":{"line":371,"column":51}}},"51":{"name":"(anonymous_51)","line":372,"loc":{"start":{"line":372,"column":27},"end":{"line":372,"column":50}}},"52":{"name":"(anonymous_52)","line":373,"loc":{"start":{"line":373,"column":31},"end":{"line":373,"column":54}}},"53":{"name":"(anonymous_53)","line":374,"loc":{"start":{"line":374,"column":26},"end":{"line":374,"column":39}}},"54":{"name":"(anonymous_54)","line":375,"loc":{"start":{"line":375,"column":27},"end":{"line":375,"column":40}}},"55":{"name":"(anonymous_55)","line":376,"loc":{"start":{"line":376,"column":29},"end":{"line":376,"column":42}}},"56":{"name":"(anonymous_56)","line":377,"loc":{"start":{"line":377,"column":25},"end":{"line":377,"column":38}}},"57":{"name":"(anonymous_57)","line":378,"loc":{"start":{"line":378,"column":27},"end":{"line":378,"column":40}}},"58":{"name":"(anonymous_58)","line":379,"loc":{"start":{"line":379,"column":26},"end":{"line":379,"column":39}}},"59":{"name":"(anonymous_59)","line":380,"loc":{"start":{"line":380,"column":30},"end":{"line":380,"column":43}}},"60":{"name":"(anonymous_60)","line":387,"loc":{"start":{"line":387,"column":41},"end":{"line":387,"column":52}}},"61":{"name":"(anonymous_61)","line":392,"loc":{"start":{"line":392,"column":28},"end":{"line":392,"column":39}}},"62":{"name":"(anonymous_62)","line":393,"loc":{"start":{"line":393,"column":30},"end":{"line":393,"column":41}}},"63":{"name":"(anonymous_63)","line":394,"loc":{"start":{"line":394,"column":27},"end":{"line":394,"column":41}}},"64":{"name":"(anonymous_64)","line":395,"loc":{"start":{"line":395,"column":29},"end":{"line":395,"column":43}}},"65":{"name":"(anonymous_65)","line":411,"loc":{"start":{"line":411,"column":40},"end":{"line":411,"column":68}}},"66":{"name":"(anonymous_66)","line":414,"loc":{"start":{"line":414,"column":31},"end":{"line":414,"column":57}}},"67":{"name":"(anonymous_67)","line":415,"loc":{"start":{"line":415,"column":130},"end":{"line":415,"column":145}}},"68":{"name":"(anonymous_68)","line":417,"loc":{"start":{"line":417,"column":19},"end":{"line":417,"column":34}}},"69":{"name":"(anonymous_69)","line":423,"loc":{"start":{"line":423,"column":41},"end":{"line":423,"column":69}}},"70":{"name":"(anonymous_70)","line":426,"loc":{"start":{"line":426,"column":31},"end":{"line":426,"column":57}}},"71":{"name":"(anonymous_71)","line":427,"loc":{"start":{"line":427,"column":131},"end":{"line":427,"column":146}}},"72":{"name":"(anonymous_72)","line":429,"loc":{"start":{"line":429,"column":19},"end":{"line":429,"column":34}}},"73":{"name":"(anonymous_73)","line":435,"loc":{"start":{"line":435,"column":43},"end":{"line":435,"column":71}}},"74":{"name":"(anonymous_74)","line":438,"loc":{"start":{"line":438,"column":31},"end":{"line":438,"column":57}}},"75":{"name":"(anonymous_75)","line":439,"loc":{"start":{"line":439,"column":136},"end":{"line":439,"column":151}}},"76":{"name":"(anonymous_76)","line":441,"loc":{"start":{"line":441,"column":19},"end":{"line":441,"column":34}}},"77":{"name":"(anonymous_77)","line":447,"loc":{"start":{"line":447,"column":48},"end":{"line":447,"column":68}}},"78":{"name":"(anonymous_78)","line":451,"loc":{"start":{"line":451,"column":21},"end":{"line":451,"column":32}}},"79":{"name":"(anonymous_79)","line":452,"loc":{"start":{"line":452,"column":24},"end":{"line":452,"column":35}}},"80":{"name":"(anonymous_80)","line":453,"loc":{"start":{"line":453,"column":21},"end":{"line":453,"column":36}}},"81":{"name":"(anonymous_81)","line":454,"loc":{"start":{"line":454,"column":22},"end":{"line":454,"column":37}}},"82":{"name":"(anonymous_82)","line":458,"loc":{"start":{"line":458,"column":42},"end":{"line":458,"column":62}}},"83":{"name":"(anonymous_83)","line":462,"loc":{"start":{"line":462,"column":21},"end":{"line":462,"column":32}}},"84":{"name":"(anonymous_84)","line":463,"loc":{"start":{"line":463,"column":24},"end":{"line":463,"column":35}}},"85":{"name":"(anonymous_85)","line":464,"loc":{"start":{"line":464,"column":21},"end":{"line":464,"column":36}}},"86":{"name":"(anonymous_86)","line":465,"loc":{"start":{"line":465,"column":22},"end":{"line":465,"column":37}}},"87":{"name":"(anonymous_87)","line":469,"loc":{"start":{"line":469,"column":41},"end":{"line":469,"column":61}}},"88":{"name":"(anonymous_88)","line":473,"loc":{"start":{"line":473,"column":24},"end":{"line":473,"column":38}}},"89":{"name":"(anonymous_89)","line":474,"loc":{"start":{"line":474,"column":22},"end":{"line":474,"column":36}}},"90":{"name":"(anonymous_90)","line":478,"loc":{"start":{"line":478,"column":40},"end":{"line":478,"column":54}}},"91":{"name":"(anonymous_91)","line":482,"loc":{"start":{"line":482,"column":21},"end":{"line":482,"column":32}}},"92":{"name":"(anonymous_92)","line":483,"loc":{"start":{"line":483,"column":22},"end":{"line":483,"column":33}}},"93":{"name":"(anonymous_93)","line":484,"loc":{"start":{"line":484,"column":24},"end":{"line":484,"column":35}}},"94":{"name":"(anonymous_94)","line":485,"loc":{"start":{"line":485,"column":24},"end":{"line":485,"column":35}}},"95":{"name":"(anonymous_95)","line":487,"loc":{"start":{"line":487,"column":29},"end":{"line":487,"column":40}}},"96":{"name":"(anonymous_96)","line":488,"loc":{"start":{"line":488,"column":32},"end":{"line":488,"column":43}}},"97":{"name":"(anonymous_97)","line":491,"loc":{"start":{"line":491,"column":23},"end":{"line":491,"column":34}}},"98":{"name":"(anonymous_98)","line":492,"loc":{"start":{"line":492,"column":28},"end":{"line":492,"column":39}}},"99":{"name":"(anonymous_99)","line":493,"loc":{"start":{"line":493,"column":29},"end":{"line":493,"column":40}}},"100":{"name":"(anonymous_100)","line":494,"loc":{"start":{"line":494,"column":22},"end":{"line":494,"column":33}}},"101":{"name":"(anonymous_101)","line":498,"loc":{"start":{"line":498,"column":44},"end":{"line":498,"column":58}}},"102":{"name":"(anonymous_102)","line":502,"loc":{"start":{"line":502,"column":21},"end":{"line":502,"column":32}}},"103":{"name":"(anonymous_103)","line":503,"loc":{"start":{"line":503,"column":22},"end":{"line":503,"column":33}}},"104":{"name":"(anonymous_104)","line":504,"loc":{"start":{"line":504,"column":24},"end":{"line":504,"column":35}}},"105":{"name":"(anonymous_105)","line":505,"loc":{"start":{"line":505,"column":25},"end":{"line":505,"column":36}}},"106":{"name":"(anonymous_106)","line":506,"loc":{"start":{"line":506,"column":23},"end":{"line":506,"column":38}}},"107":{"name":"(anonymous_107)","line":507,"loc":{"start":{"line":507,"column":21},"end":{"line":507,"column":32}}},"108":{"name":"(anonymous_108)","line":508,"loc":{"start":{"line":508,"column":33},"end":{"line":508,"column":44}}},"109":{"name":"(anonymous_109)","line":509,"loc":{"start":{"line":509,"column":37},"end":{"line":509,"column":48}}},"110":{"name":"(anonymous_110)","line":510,"loc":{"start":{"line":510,"column":25},"end":{"line":510,"column":36}}},"111":{"name":"(anonymous_111)","line":512,"loc":{"start":{"line":512,"column":32},"end":{"line":512,"column":43}}},"112":{"name":"(anonymous_112)","line":513,"loc":{"start":{"line":513,"column":35},"end":{"line":513,"column":46}}},"113":{"name":"(anonymous_113)","line":516,"loc":{"start":{"line":516,"column":23},"end":{"line":516,"column":34}}},"114":{"name":"(anonymous_114)","line":517,"loc":{"start":{"line":517,"column":28},"end":{"line":517,"column":39}}},"115":{"name":"(anonymous_115)","line":518,"loc":{"start":{"line":518,"column":29},"end":{"line":518,"column":40}}},"116":{"name":"(anonymous_116)","line":519,"loc":{"start":{"line":519,"column":22},"end":{"line":519,"column":33}}},"117":{"name":"(anonymous_117)","line":523,"loc":{"start":{"line":523,"column":41},"end":{"line":523,"column":55}}},"118":{"name":"(anonymous_118)","line":527,"loc":{"start":{"line":527,"column":21},"end":{"line":527,"column":32}}},"119":{"name":"(anonymous_119)","line":528,"loc":{"start":{"line":528,"column":22},"end":{"line":528,"column":33}}},"120":{"name":"(anonymous_120)","line":529,"loc":{"start":{"line":529,"column":24},"end":{"line":529,"column":35}}},"121":{"name":"(anonymous_121)","line":530,"loc":{"start":{"line":530,"column":26},"end":{"line":530,"column":37}}},"122":{"name":"(anonymous_122)","line":531,"loc":{"start":{"line":531,"column":24},"end":{"line":531,"column":35}}},"123":{"name":"(anonymous_123)","line":532,"loc":{"start":{"line":532,"column":23},"end":{"line":532,"column":34}}},"124":{"name":"(anonymous_124)","line":533,"loc":{"start":{"line":533,"column":24},"end":{"line":533,"column":35}}},"125":{"name":"(anonymous_125)","line":534,"loc":{"start":{"line":534,"column":23},"end":{"line":534,"column":34}}},"126":{"name":"(anonymous_126)","line":535,"loc":{"start":{"line":535,"column":28},"end":{"line":535,"column":39}}},"127":{"name":"(anonymous_127)","line":536,"loc":{"start":{"line":536,"column":29},"end":{"line":536,"column":40}}},"128":{"name":"(anonymous_128)","line":537,"loc":{"start":{"line":537,"column":22},"end":{"line":537,"column":33}}},"129":{"name":"(anonymous_129)","line":541,"loc":{"start":{"line":541,"column":45},"end":{"line":541,"column":59}}},"130":{"name":"(anonymous_130)","line":545,"loc":{"start":{"line":545,"column":21},"end":{"line":545,"column":32}}},"131":{"name":"(anonymous_131)","line":546,"loc":{"start":{"line":546,"column":22},"end":{"line":546,"column":33}}},"132":{"name":"(anonymous_132)","line":547,"loc":{"start":{"line":547,"column":24},"end":{"line":547,"column":35}}},"133":{"name":"(anonymous_133)","line":551,"loc":{"start":{"line":551,"column":42},"end":{"line":551,"column":56}}},"134":{"name":"(anonymous_134)","line":555,"loc":{"start":{"line":555,"column":21},"end":{"line":555,"column":32}}},"135":{"name":"(anonymous_135)","line":556,"loc":{"start":{"line":556,"column":22},"end":{"line":556,"column":33}}},"136":{"name":"(anonymous_136)","line":557,"loc":{"start":{"line":557,"column":24},"end":{"line":557,"column":35}}},"137":{"name":"(anonymous_137)","line":558,"loc":{"start":{"line":558,"column":23},"end":{"line":558,"column":34}}},"138":{"name":"(anonymous_138)","line":560,"loc":{"start":{"line":560,"column":29},"end":{"line":560,"column":40}}},"139":{"name":"(anonymous_139)","line":561,"loc":{"start":{"line":561,"column":32},"end":{"line":561,"column":43}}},"140":{"name":"(anonymous_140)","line":562,"loc":{"start":{"line":562,"column":29},"end":{"line":562,"column":44}}},"141":{"name":"(anonymous_141)","line":563,"loc":{"start":{"line":563,"column":30},"end":{"line":563,"column":45}}},"142":{"name":"(anonymous_142)","line":566,"loc":{"start":{"line":566,"column":28},"end":{"line":566,"column":39}}},"143":{"name":"(anonymous_143)","line":567,"loc":{"start":{"line":567,"column":29},"end":{"line":567,"column":40}}},"144":{"name":"(anonymous_144)","line":568,"loc":{"start":{"line":568,"column":22},"end":{"line":568,"column":33}}},"145":{"name":"(anonymous_145)","line":572,"loc":{"start":{"line":572,"column":41},"end":{"line":572,"column":55}}},"146":{"name":"(anonymous_146)","line":576,"loc":{"start":{"line":576,"column":21},"end":{"line":576,"column":32}}},"147":{"name":"(anonymous_147)","line":577,"loc":{"start":{"line":577,"column":24},"end":{"line":577,"column":35}}},"148":{"name":"(anonymous_148)","line":578,"loc":{"start":{"line":578,"column":25},"end":{"line":578,"column":36}}},"149":{"name":"(anonymous_149)","line":580,"loc":{"start":{"line":580,"column":32},"end":{"line":580,"column":43}}},"150":{"name":"(anonymous_150)","line":581,"loc":{"start":{"line":581,"column":35},"end":{"line":581,"column":46}}},"151":{"name":"(anonymous_151)","line":584,"loc":{"start":{"line":584,"column":28},"end":{"line":584,"column":39}}},"152":{"name":"(anonymous_152)","line":585,"loc":{"start":{"line":585,"column":29},"end":{"line":585,"column":40}}},"153":{"name":"(anonymous_153)","line":586,"loc":{"start":{"line":586,"column":22},"end":{"line":586,"column":33}}},"154":{"name":"(anonymous_154)","line":590,"loc":{"start":{"line":590,"column":42},"end":{"line":590,"column":56}}},"155":{"name":"(anonymous_155)","line":594,"loc":{"start":{"line":594,"column":21},"end":{"line":594,"column":32}}},"156":{"name":"(anonymous_156)","line":595,"loc":{"start":{"line":595,"column":22},"end":{"line":595,"column":33}}},"157":{"name":"(anonymous_157)","line":596,"loc":{"start":{"line":596,"column":24},"end":{"line":596,"column":35}}},"158":{"name":"(anonymous_158)","line":597,"loc":{"start":{"line":597,"column":28},"end":{"line":597,"column":39}}},"159":{"name":"(anonymous_159)","line":598,"loc":{"start":{"line":598,"column":29},"end":{"line":598,"column":40}}},"160":{"name":"(anonymous_160)","line":599,"loc":{"start":{"line":599,"column":22},"end":{"line":599,"column":33}}},"161":{"name":"(anonymous_161)","line":613,"loc":{"start":{"line":613,"column":23},"end":{"line":613,"column":34}}}},"statementMap":{"1":{"start":{"line":5,"column":0},"end":{"line":622,"column":5}},"2":{"start":{"line":7,"column":4},"end":{"line":93,"column":6}},"3":{"start":{"line":8,"column":8},"end":{"line":22,"column":10}},"4":{"start":{"line":9,"column":12},"end":{"line":9,"column":29}},"5":{"start":{"line":10,"column":12},"end":{"line":20,"column":13}},"6":{"start":{"line":11,"column":16},"end":{"line":11,"column":31}},"7":{"start":{"line":13,"column":16},"end":{"line":13,"column":32}},"8":{"start":{"line":14,"column":16},"end":{"line":18,"column":17}},"9":{"start":{"line":15,"column":20},"end":{"line":17,"column":21}},"10":{"start":{"line":16,"column":24},"end":{"line":16,"column":95}},"11":{"start":{"line":19,"column":16},"end":{"line":19,"column":43}},"12":{"start":{"line":21,"column":12},"end":{"line":21,"column":27}},"13":{"start":{"line":23,"column":8},"end":{"line":78,"column":10}},"14":{"start":{"line":25,"column":16},"end":{"line":76,"column":19}},"15":{"start":{"line":26,"column":20},"end":{"line":26,"column":28}},"16":{"start":{"line":27,"column":20},"end":{"line":32,"column":21}},"17":{"start":{"line":28,"column":24},"end":{"line":28,"column":71}},"18":{"start":{"line":31,"column":24},"end":{"line":31,"column":42}},"19":{"start":{"line":34,"column":20},"end":{"line":34,"column":41}},"20":{"start":{"line":35,"column":20},"end":{"line":35,"column":38}},"21":{"start":{"line":36,"column":20},"end":{"line":36,"column":44}},"22":{"start":{"line":37,"column":20},"end":{"line":37,"column":48}},"23":{"start":{"line":38,"column":20},"end":{"line":41,"column":21}},"24":{"start":{"line":39,"column":24},"end":{"line":39,"column":45}},"25":{"start":{"line":40,"column":24},"end":{"line":40,"column":39}},"26":{"start":{"line":42,"column":20},"end":{"line":42,"column":45}},"27":{"start":{"line":43,"column":20},"end":{"line":43,"column":75}},"28":{"start":{"line":44,"column":20},"end":{"line":52,"column":21}},"29":{"start":{"line":45,"column":24},"end":{"line":51,"column":25}},"30":{"start":{"line":46,"column":28},"end":{"line":50,"column":29}},"31":{"start":{"line":47,"column":32},"end":{"line":47,"column":58}},"32":{"start":{"line":49,"column":32},"end":{"line":49,"column":71}},"33":{"start":{"line":53,"column":20},"end":{"line":53,"column":74}},"34":{"start":{"line":54,"column":20},"end":{"line":58,"column":21}},"35":{"start":{"line":55,"column":24},"end":{"line":55,"column":55}},"36":{"start":{"line":56,"column":27},"end":{"line":58,"column":21}},"37":{"start":{"line":57,"column":24},"end":{"line":57,"column":39}},"38":{"start":{"line":59,"column":20},"end":{"line":59,"column":41}},"39":{"start":{"line":60,"column":20},"end":{"line":69,"column":22}},"40":{"start":{"line":61,"column":24},"end":{"line":68,"column":25}},"41":{"start":{"line":62,"column":28},"end":{"line":62,"column":55}},"42":{"start":{"line":64,"column":28},"end":{"line":64,"column":48}},"43":{"start":{"line":65,"column":28},"end":{"line":66,"column":53}},"44":{"start":{"line":66,"column":32},"end":{"line":66,"column":53}},"45":{"start":{"line":67,"column":28},"end":{"line":67,"column":40}},"46":{"start":{"line":70,"column":20},"end":{"line":75,"column":22}},"47":{"start":{"line":71,"column":24},"end":{"line":71,"column":44}},"48":{"start":{"line":72,"column":24},"end":{"line":73,"column":49}},"49":{"start":{"line":73,"column":28},"end":{"line":73,"column":49}},"50":{"start":{"line":74,"column":24},"end":{"line":74,"column":36}},"51":{"start":{"line":79,"column":8},"end":{"line":92,"column":10}},"52":{"start":{"line":81,"column":16},"end":{"line":81,"column":60}},"53":{"start":{"line":84,"column":16},"end":{"line":84,"column":61}},"54":{"start":{"line":87,"column":16},"end":{"line":87,"column":60}},"55":{"start":{"line":90,"column":16},"end":{"line":90,"column":63}},"56":{"start":{"line":95,"column":4},"end":{"line":105,"column":6}},"57":{"start":{"line":96,"column":8},"end":{"line":96,"column":20}},"58":{"start":{"line":97,"column":8},"end":{"line":97,"column":46}},"59":{"start":{"line":98,"column":8},"end":{"line":103,"column":11}},"60":{"start":{"line":99,"column":12},"end":{"line":99,"column":21}},"61":{"start":{"line":100,"column":12},"end":{"line":102,"column":13}},"62":{"start":{"line":101,"column":16},"end":{"line":101,"column":44}},"63":{"start":{"line":104,"column":8},"end":{"line":104,"column":22}},"64":{"start":{"line":107,"column":4},"end":{"line":107,"column":41}},"65":{"start":{"line":109,"column":4},"end":{"line":109,"column":89}},"66":{"start":{"line":109,"column":33},"end":{"line":109,"column":86}},"67":{"start":{"line":109,"column":52},"end":{"line":109,"column":83}},"68":{"start":{"line":111,"column":4},"end":{"line":127,"column":5}},"69":{"start":{"line":113,"column":8},"end":{"line":126,"column":9}},"70":{"start":{"line":115,"column":12},"end":{"line":115,"column":30}},"71":{"start":{"line":119,"column":12},"end":{"line":119,"column":23}},"72":{"start":{"line":120,"column":12},"end":{"line":123,"column":13}},"73":{"start":{"line":122,"column":16},"end":{"line":122,"column":24}},"74":{"start":{"line":125,"column":12},"end":{"line":125,"column":47}},"75":{"start":{"line":129,"column":4},"end":{"line":605,"column":9}},"76":{"start":{"line":130,"column":8},"end":{"line":182,"column":9}},"77":{"start":{"line":132,"column":12},"end":{"line":132,"column":56}},"78":{"start":{"line":133,"column":12},"end":{"line":133,"column":50}},"79":{"start":{"line":134,"column":12},"end":{"line":134,"column":48}},"80":{"start":{"line":135,"column":12},"end":{"line":135,"column":50}},"81":{"start":{"line":136,"column":12},"end":{"line":136,"column":48}},"82":{"start":{"line":137,"column":12},"end":{"line":137,"column":52}},"83":{"start":{"line":138,"column":12},"end":{"line":138,"column":44}},"84":{"start":{"line":139,"column":12},"end":{"line":139,"column":46}},"85":{"start":{"line":140,"column":12},"end":{"line":140,"column":44}},"86":{"start":{"line":141,"column":12},"end":{"line":141,"column":46}},"87":{"start":{"line":142,"column":12},"end":{"line":142,"column":50}},"88":{"start":{"line":143,"column":12},"end":{"line":143,"column":60}},"89":{"start":{"line":144,"column":12},"end":{"line":144,"column":48}},"90":{"start":{"line":145,"column":12},"end":{"line":145,"column":46}},"91":{"start":{"line":146,"column":12},"end":{"line":146,"column":44}},"92":{"start":{"line":147,"column":12},"end":{"line":147,"column":52}},"93":{"start":{"line":148,"column":12},"end":{"line":148,"column":46}},"94":{"start":{"line":149,"column":12},"end":{"line":149,"column":54}},"95":{"start":{"line":150,"column":12},"end":{"line":150,"column":48}},"96":{"start":{"line":151,"column":12},"end":{"line":151,"column":46}},"97":{"start":{"line":152,"column":12},"end":{"line":152,"column":48}},"98":{"start":{"line":153,"column":12},"end":{"line":153,"column":62}},"99":{"start":{"line":155,"column":12},"end":{"line":168,"column":14}},"100":{"start":{"line":166,"column":20},"end":{"line":166,"column":91}},"101":{"start":{"line":169,"column":12},"end":{"line":169,"column":33}},"102":{"start":{"line":170,"column":12},"end":{"line":170,"column":33}},"103":{"start":{"line":171,"column":12},"end":{"line":171,"column":54}},"104":{"start":{"line":172,"column":12},"end":{"line":175,"column":13}},"105":{"start":{"line":173,"column":16},"end":{"line":173,"column":58}},"106":{"start":{"line":174,"column":16},"end":{"line":174,"column":62}},"107":{"start":{"line":176,"column":12},"end":{"line":176,"column":68}},"108":{"start":{"line":177,"column":12},"end":{"line":177,"column":58}},"109":{"start":{"line":178,"column":12},"end":{"line":178,"column":60}},"110":{"start":{"line":179,"column":12},"end":{"line":179,"column":58}},"111":{"start":{"line":181,"column":12},"end":{"line":181,"column":18}},"112":{"start":{"line":184,"column":8},"end":{"line":223,"column":10}},"113":{"start":{"line":185,"column":12},"end":{"line":221,"column":13}},"114":{"start":{"line":187,"column":16},"end":{"line":187,"column":31}},"115":{"start":{"line":189,"column":16},"end":{"line":189,"column":65}},"116":{"start":{"line":190,"column":16},"end":{"line":196,"column":17}},"117":{"start":{"line":198,"column":16},"end":{"line":208,"column":19}},"118":{"start":{"line":199,"column":20},"end":{"line":207,"column":23}},"119":{"start":{"line":200,"column":24},"end":{"line":200,"column":45}},"120":{"start":{"line":201,"column":24},"end":{"line":201,"column":67}},"121":{"start":{"line":202,"column":24},"end":{"line":202,"column":69}},"122":{"start":{"line":204,"column":24},"end":{"line":204,"column":44}},"123":{"start":{"line":206,"column":24},"end":{"line":206,"column":44}},"124":{"start":{"line":212,"column":16},"end":{"line":215,"column":17}},"125":{"start":{"line":213,"column":20},"end":{"line":213,"column":103}},"126":{"start":{"line":214,"column":20},"end":{"line":214,"column":27}},"127":{"start":{"line":217,"column":16},"end":{"line":220,"column":50}},"128":{"start":{"line":222,"column":12},"end":{"line":222,"column":18}},"129":{"start":{"line":225,"column":8},"end":{"line":235,"column":10}},"130":{"start":{"line":226,"column":12},"end":{"line":229,"column":13}},"131":{"start":{"line":227,"column":16},"end":{"line":227,"column":81}},"132":{"start":{"line":228,"column":16},"end":{"line":228,"column":23}},"133":{"start":{"line":231,"column":12},"end":{"line":234,"column":46}},"134":{"start":{"line":237,"column":8},"end":{"line":260,"column":10}},"135":{"start":{"line":238,"column":12},"end":{"line":238,"column":27}},"136":{"start":{"line":240,"column":12},"end":{"line":240,"column":61}},"137":{"start":{"line":241,"column":12},"end":{"line":246,"column":13}},"138":{"start":{"line":248,"column":12},"end":{"line":259,"column":15}},"139":{"start":{"line":249,"column":16},"end":{"line":258,"column":19}},"140":{"start":{"line":250,"column":20},"end":{"line":250,"column":41}},"141":{"start":{"line":252,"column":20},"end":{"line":252,"column":63}},"142":{"start":{"line":253,"column":20},"end":{"line":253,"column":65}},"143":{"start":{"line":255,"column":20},"end":{"line":255,"column":40}},"144":{"start":{"line":257,"column":20},"end":{"line":257,"column":40}},"145":{"start":{"line":262,"column":8},"end":{"line":284,"column":10}},"146":{"start":{"line":263,"column":12},"end":{"line":263,"column":65}},"147":{"start":{"line":264,"column":12},"end":{"line":264,"column":30}},"148":{"start":{"line":265,"column":12},"end":{"line":282,"column":13}},"149":{"start":{"line":266,"column":16},"end":{"line":275,"column":17}},"150":{"start":{"line":267,"column":20},"end":{"line":267,"column":68}},"151":{"start":{"line":268,"column":20},"end":{"line":272,"column":21}},"152":{"start":{"line":269,"column":24},"end":{"line":269,"column":64}},"153":{"start":{"line":270,"column":24},"end":{"line":270,"column":93}},"154":{"start":{"line":271,"column":24},"end":{"line":271,"column":37}},"155":{"start":{"line":274,"column":20},"end":{"line":274,"column":34}},"156":{"start":{"line":277,"column":16},"end":{"line":277,"column":71}},"157":{"start":{"line":278,"column":16},"end":{"line":281,"column":17}},"158":{"start":{"line":279,"column":20},"end":{"line":279,"column":52}},"159":{"start":{"line":280,"column":20},"end":{"line":280,"column":33}},"160":{"start":{"line":283,"column":12},"end":{"line":283,"column":25}},"161":{"start":{"line":286,"column":8},"end":{"line":293,"column":10}},"162":{"start":{"line":287,"column":12},"end":{"line":292,"column":13}},"163":{"start":{"line":295,"column":8},"end":{"line":343,"column":10}},"164":{"start":{"line":296,"column":12},"end":{"line":341,"column":17}},"165":{"start":{"line":297,"column":16},"end":{"line":308,"column":17}},"166":{"start":{"line":298,"column":20},"end":{"line":298,"column":60}},"167":{"start":{"line":299,"column":20},"end":{"line":299,"column":60}},"168":{"start":{"line":300,"column":20},"end":{"line":300,"column":58}},"169":{"start":{"line":301,"column":20},"end":{"line":301,"column":58}},"170":{"start":{"line":302,"column":20},"end":{"line":302,"column":54}},"171":{"start":{"line":303,"column":20},"end":{"line":303,"column":52}},"172":{"start":{"line":305,"column":20},"end":{"line":305,"column":33}},"173":{"start":{"line":307,"column":20},"end":{"line":307,"column":26}},"174":{"start":{"line":310,"column":16},"end":{"line":313,"column":18}},"175":{"start":{"line":311,"column":20},"end":{"line":311,"column":40}},"176":{"start":{"line":312,"column":20},"end":{"line":312,"column":32}},"177":{"start":{"line":315,"column":16},"end":{"line":318,"column":18}},"178":{"start":{"line":316,"column":20},"end":{"line":316,"column":42}},"179":{"start":{"line":317,"column":20},"end":{"line":317,"column":32}},"180":{"start":{"line":320,"column":16},"end":{"line":323,"column":18}},"181":{"start":{"line":321,"column":20},"end":{"line":321,"column":46}},"182":{"start":{"line":322,"column":20},"end":{"line":322,"column":32}},"183":{"start":{"line":325,"column":16},"end":{"line":328,"column":18}},"184":{"start":{"line":326,"column":20},"end":{"line":326,"column":46}},"185":{"start":{"line":327,"column":20},"end":{"line":327,"column":32}},"186":{"start":{"line":330,"column":16},"end":{"line":333,"column":18}},"187":{"start":{"line":331,"column":20},"end":{"line":331,"column":48}},"188":{"start":{"line":332,"column":20},"end":{"line":332,"column":32}},"189":{"start":{"line":335,"column":16},"end":{"line":337,"column":18}},"190":{"start":{"line":336,"column":20},"end":{"line":336,"column":37}},"191":{"start":{"line":339,"column":16},"end":{"line":339,"column":26}},"192":{"start":{"line":342,"column":12},"end":{"line":342,"column":28}},"193":{"start":{"line":345,"column":8},"end":{"line":359,"column":10}},"194":{"start":{"line":346,"column":12},"end":{"line":346,"column":27}},"195":{"start":{"line":348,"column":12},"end":{"line":348,"column":30}},"196":{"start":{"line":349,"column":12},"end":{"line":351,"column":13}},"197":{"start":{"line":350,"column":16},"end":{"line":350,"column":38}},"198":{"start":{"line":352,"column":12},"end":{"line":358,"column":15}},"199":{"start":{"line":353,"column":16},"end":{"line":357,"column":19}},"200":{"start":{"line":354,"column":20},"end":{"line":354,"column":53}},"201":{"start":{"line":356,"column":20},"end":{"line":356,"column":40}},"202":{"start":{"line":361,"column":8},"end":{"line":385,"column":10}},"203":{"start":{"line":362,"column":12},"end":{"line":362,"column":27}},"204":{"start":{"line":364,"column":12},"end":{"line":384,"column":13}},"205":{"start":{"line":365,"column":16},"end":{"line":381,"column":17}},"206":{"start":{"line":366,"column":48},"end":{"line":366,"column":93}},"207":{"start":{"line":367,"column":51},"end":{"line":367,"column":98}},"208":{"start":{"line":368,"column":52},"end":{"line":368,"column":100}},"209":{"start":{"line":369,"column":54},"end":{"line":369,"column":104}},"210":{"start":{"line":370,"column":50},"end":{"line":370,"column":96}},"211":{"start":{"line":371,"column":52},"end":{"line":371,"column":100}},"212":{"start":{"line":372,"column":51},"end":{"line":372,"column":98}},"213":{"start":{"line":373,"column":55},"end":{"line":373,"column":106}},"214":{"start":{"line":374,"column":40},"end":{"line":374,"column":79}},"215":{"start":{"line":375,"column":41},"end":{"line":375,"column":81}},"216":{"start":{"line":376,"column":43},"end":{"line":376,"column":85}},"217":{"start":{"line":377,"column":39},"end":{"line":377,"column":77}},"218":{"start":{"line":378,"column":41},"end":{"line":378,"column":81}},"219":{"start":{"line":379,"column":40},"end":{"line":379,"column":79}},"220":{"start":{"line":380,"column":44},"end":{"line":380,"column":87}},"221":{"start":{"line":383,"column":16},"end":{"line":383,"column":70}},"222":{"start":{"line":387,"column":8},"end":{"line":409,"column":10}},"223":{"start":{"line":388,"column":12},"end":{"line":388,"column":27}},"224":{"start":{"line":390,"column":12},"end":{"line":408,"column":13}},"225":{"start":{"line":391,"column":16},"end":{"line":396,"column":18}},"226":{"start":{"line":392,"column":40},"end":{"line":392,"column":71}},"227":{"start":{"line":393,"column":42},"end":{"line":393,"column":75}},"228":{"start":{"line":394,"column":42},"end":{"line":394,"column":83}},"229":{"start":{"line":395,"column":44},"end":{"line":395,"column":87}},"230":{"start":{"line":398,"column":16},"end":{"line":398,"column":23}},"231":{"start":{"line":399,"column":16},"end":{"line":405,"column":17}},"232":{"start":{"line":400,"column":20},"end":{"line":400,"column":50}},"233":{"start":{"line":401,"column":20},"end":{"line":401,"column":99}},"234":{"start":{"line":404,"column":20},"end":{"line":404,"column":99}},"235":{"start":{"line":407,"column":16},"end":{"line":407,"column":26}},"236":{"start":{"line":411,"column":8},"end":{"line":421,"column":10}},"237":{"start":{"line":412,"column":12},"end":{"line":412,"column":27}},"238":{"start":{"line":414,"column":12},"end":{"line":420,"column":15}},"239":{"start":{"line":415,"column":16},"end":{"line":419,"column":19}},"240":{"start":{"line":416,"column":20},"end":{"line":416,"column":53}},"241":{"start":{"line":418,"column":20},"end":{"line":418,"column":40}},"242":{"start":{"line":423,"column":8},"end":{"line":433,"column":10}},"243":{"start":{"line":424,"column":12},"end":{"line":424,"column":27}},"244":{"start":{"line":426,"column":12},"end":{"line":432,"column":15}},"245":{"start":{"line":427,"column":16},"end":{"line":431,"column":19}},"246":{"start":{"line":428,"column":20},"end":{"line":428,"column":53}},"247":{"start":{"line":430,"column":20},"end":{"line":430,"column":40}},"248":{"start":{"line":435,"column":8},"end":{"line":445,"column":10}},"249":{"start":{"line":436,"column":12},"end":{"line":436,"column":27}},"250":{"start":{"line":438,"column":12},"end":{"line":444,"column":15}},"251":{"start":{"line":439,"column":16},"end":{"line":443,"column":19}},"252":{"start":{"line":440,"column":20},"end":{"line":440,"column":53}},"253":{"start":{"line":442,"column":20},"end":{"line":442,"column":40}},"254":{"start":{"line":447,"column":8},"end":{"line":456,"column":10}},"255":{"start":{"line":448,"column":12},"end":{"line":448,"column":27}},"256":{"start":{"line":450,"column":12},"end":{"line":455,"column":14}},"257":{"start":{"line":451,"column":33},"end":{"line":451,"column":88}},"258":{"start":{"line":452,"column":36},"end":{"line":452,"column":90}},"259":{"start":{"line":453,"column":37},"end":{"line":453,"column":94}},"260":{"start":{"line":454,"column":38},"end":{"line":454,"column":96}},"261":{"start":{"line":458,"column":8},"end":{"line":467,"column":10}},"262":{"start":{"line":459,"column":12},"end":{"line":459,"column":27}},"263":{"start":{"line":461,"column":12},"end":{"line":466,"column":14}},"264":{"start":{"line":462,"column":33},"end":{"line":462,"column":82}},"265":{"start":{"line":463,"column":36},"end":{"line":463,"column":84}},"266":{"start":{"line":464,"column":37},"end":{"line":464,"column":129}},"267":{"start":{"line":465,"column":38},"end":{"line":465,"column":131}},"268":{"start":{"line":469,"column":8},"end":{"line":476,"column":10}},"269":{"start":{"line":470,"column":12},"end":{"line":470,"column":27}},"270":{"start":{"line":472,"column":12},"end":{"line":475,"column":14}},"271":{"start":{"line":473,"column":39},"end":{"line":473,"column":93}},"272":{"start":{"line":474,"column":37},"end":{"line":474,"column":89}},"273":{"start":{"line":478,"column":8},"end":{"line":496,"column":10}},"274":{"start":{"line":479,"column":12},"end":{"line":479,"column":27}},"275":{"start":{"line":481,"column":12},"end":{"line":495,"column":14}},"276":{"start":{"line":482,"column":33},"end":{"line":482,"column":76}},"277":{"start":{"line":483,"column":34},"end":{"line":483,"column":68}},"278":{"start":{"line":484,"column":36},"end":{"line":484,"column":77}},"279":{"start":{"line":486,"column":20},"end":{"line":489,"column":21}},"280":{"start":{"line":487,"column":41},"end":{"line":487,"column":95}},"281":{"start":{"line":488,"column":44},"end":{"line":488,"column":97}},"282":{"start":{"line":491,"column":35},"end":{"line":491,"column":73}},"283":{"start":{"line":492,"column":40},"end":{"line":492,"column":98}},"284":{"start":{"line":493,"column":41},"end":{"line":493,"column":85}},"285":{"start":{"line":494,"column":34},"end":{"line":494,"column":71}},"286":{"start":{"line":498,"column":8},"end":{"line":521,"column":10}},"287":{"start":{"line":499,"column":12},"end":{"line":499,"column":27}},"288":{"start":{"line":501,"column":12},"end":{"line":520,"column":14}},"289":{"start":{"line":502,"column":33},"end":{"line":502,"column":80}},"290":{"start":{"line":503,"column":34},"end":{"line":503,"column":72}},"291":{"start":{"line":504,"column":36},"end":{"line":504,"column":81}},"292":{"start":{"line":505,"column":37},"end":{"line":505,"column":96}},"293":{"start":{"line":506,"column":39},"end":{"line":506,"column":102}},"294":{"start":{"line":507,"column":33},"end":{"line":507,"column":88}},"295":{"start":{"line":508,"column":45},"end":{"line":508,"column":112}},"296":{"start":{"line":509,"column":49},"end":{"line":509,"column":120}},"297":{"start":{"line":511,"column":20},"end":{"line":514,"column":22}},"298":{"start":{"line":512,"column":44},"end":{"line":512,"column":110}},"299":{"start":{"line":513,"column":47},"end":{"line":513,"column":116}},"300":{"start":{"line":516,"column":35},"end":{"line":516,"column":77}},"301":{"start":{"line":517,"column":40},"end":{"line":517,"column":102}},"302":{"start":{"line":518,"column":41},"end":{"line":518,"column":89}},"303":{"start":{"line":519,"column":34},"end":{"line":519,"column":75}},"304":{"start":{"line":523,"column":8},"end":{"line":539,"column":10}},"305":{"start":{"line":524,"column":12},"end":{"line":524,"column":27}},"306":{"start":{"line":526,"column":12},"end":{"line":538,"column":14}},"307":{"start":{"line":527,"column":33},"end":{"line":527,"column":77}},"308":{"start":{"line":528,"column":34},"end":{"line":528,"column":69}},"309":{"start":{"line":529,"column":36},"end":{"line":529,"column":78}},"310":{"start":{"line":530,"column":38},"end":{"line":530,"column":95}},"311":{"start":{"line":531,"column":36},"end":{"line":531,"column":91}},"312":{"start":{"line":532,"column":35},"end":{"line":532,"column":89}},"313":{"start":{"line":533,"column":36},"end":{"line":533,"column":91}},"314":{"start":{"line":534,"column":35},"end":{"line":534,"column":74}},"315":{"start":{"line":535,"column":40},"end":{"line":535,"column":99}},"316":{"start":{"line":536,"column":41},"end":{"line":536,"column":86}},"317":{"start":{"line":537,"column":34},"end":{"line":537,"column":72}},"318":{"start":{"line":541,"column":8},"end":{"line":549,"column":10}},"319":{"start":{"line":542,"column":12},"end":{"line":542,"column":27}},"320":{"start":{"line":544,"column":12},"end":{"line":548,"column":14}},"321":{"start":{"line":545,"column":33},"end":{"line":545,"column":81}},"322":{"start":{"line":546,"column":34},"end":{"line":546,"column":73}},"323":{"start":{"line":547,"column":36},"end":{"line":547,"column":82}},"324":{"start":{"line":551,"column":8},"end":{"line":570,"column":10}},"325":{"start":{"line":552,"column":12},"end":{"line":552,"column":27}},"326":{"start":{"line":554,"column":12},"end":{"line":569,"column":14}},"327":{"start":{"line":555,"column":33},"end":{"line":555,"column":78}},"328":{"start":{"line":556,"column":34},"end":{"line":556,"column":70}},"329":{"start":{"line":557,"column":36},"end":{"line":557,"column":79}},"330":{"start":{"line":559,"column":20},"end":{"line":564,"column":22}},"331":{"start":{"line":560,"column":41},"end":{"line":560,"column":96}},"332":{"start":{"line":561,"column":44},"end":{"line":561,"column":98}},"333":{"start":{"line":562,"column":45},"end":{"line":562,"column":102}},"334":{"start":{"line":563,"column":46},"end":{"line":563,"column":104}},"335":{"start":{"line":566,"column":40},"end":{"line":566,"column":100}},"336":{"start":{"line":567,"column":41},"end":{"line":567,"column":87}},"337":{"start":{"line":568,"column":34},"end":{"line":568,"column":73}},"338":{"start":{"line":572,"column":8},"end":{"line":588,"column":10}},"339":{"start":{"line":573,"column":12},"end":{"line":573,"column":27}},"340":{"start":{"line":575,"column":12},"end":{"line":587,"column":14}},"341":{"start":{"line":576,"column":33},"end":{"line":576,"column":77}},"342":{"start":{"line":577,"column":36},"end":{"line":577,"column":78}},"343":{"start":{"line":579,"column":20},"end":{"line":582,"column":21}},"344":{"start":{"line":580,"column":44},"end":{"line":580,"column":107}},"345":{"start":{"line":581,"column":47},"end":{"line":581,"column":113}},"346":{"start":{"line":584,"column":40},"end":{"line":584,"column":99}},"347":{"start":{"line":585,"column":41},"end":{"line":585,"column":86}},"348":{"start":{"line":586,"column":34},"end":{"line":586,"column":72}},"349":{"start":{"line":590,"column":8},"end":{"line":601,"column":10}},"350":{"start":{"line":591,"column":12},"end":{"line":591,"column":27}},"351":{"start":{"line":593,"column":12},"end":{"line":600,"column":14}},"352":{"start":{"line":594,"column":33},"end":{"line":594,"column":83}},"353":{"start":{"line":595,"column":34},"end":{"line":595,"column":70}},"354":{"start":{"line":596,"column":36},"end":{"line":596,"column":84}},"355":{"start":{"line":597,"column":40},"end":{"line":597,"column":105}},"356":{"start":{"line":598,"column":41},"end":{"line":598,"column":87}},"357":{"start":{"line":599,"column":34},"end":{"line":599,"column":73}},"358":{"start":{"line":603,"column":8},"end":{"line":603,"column":31}},"359":{"start":{"line":608,"column":4},"end":{"line":620,"column":5}},"360":{"start":{"line":609,"column":8},"end":{"line":609,"column":41}},"361":{"start":{"line":612,"column":8},"end":{"line":619,"column":9}},"362":{"start":{"line":613,"column":12},"end":{"line":615,"column":15}},"363":{"start":{"line":614,"column":16},"end":{"line":614,"column":39}},"364":{"start":{"line":618,"column":12},"end":{"line":618,"column":53}}},"branchMap":{"1":{"line":10,"type":"if","locations":[{"start":{"line":10,"column":12},"end":{"line":10,"column":12}},{"start":{"line":10,"column":12},"end":{"line":10,"column":12}}]},"2":{"line":15,"type":"if","locations":[{"start":{"line":15,"column":20},"end":{"line":15,"column":20}},{"start":{"line":15,"column":20},"end":{"line":15,"column":20}}]},"3":{"line":27,"type":"if","locations":[{"start":{"line":27,"column":20},"end":{"line":27,"column":20}},{"start":{"line":27,"column":20},"end":{"line":27,"column":20}}]},"4":{"line":27,"type":"binary-expr","locations":[{"start":{"line":27,"column":24},"end":{"line":27,"column":53}},{"start":{"line":27,"column":57},"end":{"line":27,"column":94}}]},"5":{"line":35,"type":"binary-expr","locations":[{"start":{"line":35,"column":27},"end":{"line":35,"column":31}},{"start":{"line":35,"column":35},"end":{"line":35,"column":37}}]},"6":{"line":36,"type":"binary-expr","locations":[{"start":{"line":36,"column":30},"end":{"line":36,"column":37}},{"start":{"line":36,"column":41},"end":{"line":36,"column":43}}]},"7":{"line":38,"type":"if","locations":[{"start":{"line":38,"column":20},"end":{"line":38,"column":20}},{"start":{"line":38,"column":20},"end":{"line":38,"column":20}}]},"8":{"line":38,"type":"binary-expr","locations":[{"start":{"line":38,"column":24},"end":{"line":38,"column":40}},{"start":{"line":38,"column":44},"end":{"line":38,"column":51}}]},"9":{"line":45,"type":"if","locations":[{"start":{"line":45,"column":24},"end":{"line":45,"column":24}},{"start":{"line":45,"column":24},"end":{"line":45,"column":24}}]},"10":{"line":46,"type":"if","locations":[{"start":{"line":46,"column":28},"end":{"line":46,"column":28}},{"start":{"line":46,"column":28},"end":{"line":46,"column":28}}]},"11":{"line":54,"type":"if","locations":[{"start":{"line":54,"column":20},"end":{"line":54,"column":20}},{"start":{"line":54,"column":20},"end":{"line":54,"column":20}}]},"12":{"line":56,"type":"if","locations":[{"start":{"line":56,"column":27},"end":{"line":56,"column":27}},{"start":{"line":56,"column":27},"end":{"line":56,"column":27}}]},"13":{"line":61,"type":"if","locations":[{"start":{"line":61,"column":24},"end":{"line":61,"column":24}},{"start":{"line":61,"column":24},"end":{"line":61,"column":24}}]},"14":{"line":61,"type":"binary-expr","locations":[{"start":{"line":61,"column":28},"end":{"line":61,"column":46}},{"start":{"line":61,"column":50},"end":{"line":61,"column":67}}]},"15":{"line":65,"type":"if","locations":[{"start":{"line":65,"column":28},"end":{"line":65,"column":28}},{"start":{"line":65,"column":28},"end":{"line":65,"column":28}}]},"16":{"line":65,"type":"binary-expr","locations":[{"start":{"line":65,"column":31},"end":{"line":65,"column":40}},{"start":{"line":65,"column":44},"end":{"line":65,"column":57}}]},"17":{"line":72,"type":"if","locations":[{"start":{"line":72,"column":24},"end":{"line":72,"column":24}},{"start":{"line":72,"column":24},"end":{"line":72,"column":24}}]},"18":{"line":72,"type":"binary-expr","locations":[{"start":{"line":72,"column":27},"end":{"line":72,"column":36}},{"start":{"line":72,"column":40},"end":{"line":72,"column":53}}]},"19":{"line":113,"type":"if","locations":[{"start":{"line":113,"column":8},"end":{"line":113,"column":8}},{"start":{"line":113,"column":8},"end":{"line":113,"column":8}}]},"20":{"line":113,"type":"binary-expr","locations":[{"start":{"line":113,"column":11},"end":{"line":113,"column":44}},{"start":{"line":113,"column":48},"end":{"line":113,"column":82}}]},"21":{"line":120,"type":"if","locations":[{"start":{"line":120,"column":12},"end":{"line":120,"column":12}},{"start":{"line":120,"column":12},"end":{"line":120,"column":12}}]},"22":{"line":120,"type":"binary-expr","locations":[{"start":{"line":120,"column":16},"end":{"line":120,"column":58}},{"start":{"line":120,"column":63},"end":{"line":120,"column":89}}]},"23":{"line":161,"type":"cond-expr","locations":[{"start":{"line":161,"column":60},"end":{"line":161,"column":121}},{"start":{"line":161,"column":122},"end":{"line":161,"column":124}}]},"24":{"line":172,"type":"if","locations":[{"start":{"line":172,"column":12},"end":{"line":172,"column":12}},{"start":{"line":172,"column":12},"end":{"line":172,"column":12}}]},"25":{"line":185,"type":"if","locations":[{"start":{"line":185,"column":12},"end":{"line":185,"column":12}},{"start":{"line":185,"column":12},"end":{"line":185,"column":12}}]},"26":{"line":212,"type":"if","locations":[{"start":{"line":212,"column":16},"end":{"line":212,"column":16}},{"start":{"line":212,"column":16},"end":{"line":212,"column":16}}]},"27":{"line":212,"type":"binary-expr","locations":[{"start":{"line":212,"column":20},"end":{"line":212,"column":49}},{"start":{"line":212,"column":53},"end":{"line":212,"column":90}}]},"28":{"line":226,"type":"if","locations":[{"start":{"line":226,"column":12},"end":{"line":226,"column":12}},{"start":{"line":226,"column":12},"end":{"line":226,"column":12}}]},"29":{"line":226,"type":"binary-expr","locations":[{"start":{"line":226,"column":16},"end":{"line":226,"column":45}},{"start":{"line":226,"column":49},"end":{"line":226,"column":86}}]},"30":{"line":265,"type":"if","locations":[{"start":{"line":265,"column":12},"end":{"line":265,"column":12}},{"start":{"line":265,"column":12},"end":{"line":265,"column":12}}]},"31":{"line":265,"type":"binary-expr","locations":[{"start":{"line":265,"column":16},"end":{"line":265,"column":44}},{"start":{"line":265,"column":48},"end":{"line":265,"column":85}}]},"32":{"line":268,"type":"if","locations":[{"start":{"line":268,"column":20},"end":{"line":268,"column":20}},{"start":{"line":268,"column":20},"end":{"line":268,"column":20}}]},"33":{"line":278,"type":"if","locations":[{"start":{"line":278,"column":16},"end":{"line":278,"column":16}},{"start":{"line":278,"column":16},"end":{"line":278,"column":16}}]},"34":{"line":278,"type":"binary-expr","locations":[{"start":{"line":278,"column":20},"end":{"line":278,"column":45}},{"start":{"line":278,"column":49},"end":{"line":278,"column":61}},{"start":{"line":278,"column":65},"end":{"line":278,"column":78}},{"start":{"line":278,"column":82},"end":{"line":278,"column":99}}]},"35":{"line":348,"type":"binary-expr","locations":[{"start":{"line":348,"column":19},"end":{"line":348,"column":23}},{"start":{"line":348,"column":27},"end":{"line":348,"column":29}}]},"36":{"line":349,"type":"if","locations":[{"start":{"line":349,"column":12},"end":{"line":349,"column":12}},{"start":{"line":349,"column":12},"end":{"line":349,"column":12}}]},"37":{"line":353,"type":"binary-expr","locations":[{"start":{"line":353,"column":104},"end":{"line":353,"column":110}},{"start":{"line":353,"column":114},"end":{"line":353,"column":116}}]},"38":{"line":364,"type":"if","locations":[{"start":{"line":364,"column":12},"end":{"line":364,"column":12}},{"start":{"line":364,"column":12},"end":{"line":364,"column":12}}]},"39":{"line":383,"type":"binary-expr","locations":[{"start":{"line":383,"column":50},"end":{"line":383,"column":62}},{"start":{"line":383,"column":66},"end":{"line":383,"column":68}}]},"40":{"line":390,"type":"if","locations":[{"start":{"line":390,"column":12},"end":{"line":390,"column":12}},{"start":{"line":390,"column":12},"end":{"line":390,"column":12}}]},"41":{"line":399,"type":"if","locations":[{"start":{"line":399,"column":16},"end":{"line":399,"column":16}},{"start":{"line":399,"column":16},"end":{"line":399,"column":16}}]},"42":{"line":399,"type":"binary-expr","locations":[{"start":{"line":399,"column":20},"end":{"line":399,"column":49}},{"start":{"line":399,"column":53},"end":{"line":399,"column":90}}]},"43":{"line":415,"type":"binary-expr","locations":[{"start":{"line":415,"column":71},"end":{"line":415,"column":75}},{"start":{"line":415,"column":79},"end":{"line":415,"column":81}}]},"44":{"line":415,"type":"binary-expr","locations":[{"start":{"line":415,"column":110},"end":{"line":415,"column":116}},{"start":{"line":415,"column":120},"end":{"line":415,"column":122}}]},"45":{"line":427,"type":"binary-expr","locations":[{"start":{"line":427,"column":72},"end":{"line":427,"column":76}},{"start":{"line":427,"column":80},"end":{"line":427,"column":82}}]},"46":{"line":427,"type":"binary-expr","locations":[{"start":{"line":427,"column":111},"end":{"line":427,"column":117}},{"start":{"line":427,"column":121},"end":{"line":427,"column":123}}]},"47":{"line":439,"type":"binary-expr","locations":[{"start":{"line":439,"column":77},"end":{"line":439,"column":81}},{"start":{"line":439,"column":85},"end":{"line":439,"column":87}}]},"48":{"line":439,"type":"binary-expr","locations":[{"start":{"line":439,"column":116},"end":{"line":439,"column":122}},{"start":{"line":439,"column":126},"end":{"line":439,"column":128}}]},"49":{"line":608,"type":"if","locations":[{"start":{"line":608,"column":4},"end":{"line":608,"column":4}},{"start":{"line":608,"column":4},"end":{"line":608,"column":4}}]},"50":{"line":608,"type":"binary-expr","locations":[{"start":{"line":608,"column":8},"end":{"line":608,"column":37}},{"start":{"line":608,"column":41},"end":{"line":608,"column":78}}]},"51":{"line":612,"type":"if","locations":[{"start":{"line":612,"column":8},"end":{"line":612,"column":8}},{"start":{"line":612,"column":8},"end":{"line":612,"column":8}}]},"52":{"line":612,"type":"binary-expr","locations":[{"start":{"line":612,"column":12},"end":{"line":612,"column":40}},{"start":{"line":612,"column":44},"end":{"line":612,"column":54}}]}}}}