TN:
SF:/Users/pooyaparidel/WebstormProjects/MojioClientLite/src/MojioClientLite.js
FN:5,(anonymous_1)
FN:7,(anonymous_2)
FN:8,(anonymous_3)
FN:24,(anonymous_4)
FN:25,(anonymous_5)
FN:60,(anonymous_6)
FN:70,(anonymous_7)
FN:80,(anonymous_8)
FN:83,(anonymous_9)
FN:86,(anonymous_10)
FN:89,(anonymous_11)
FN:95,(anonymous_12)
FN:98,(anonymous_13)
FN:109,(anonymous_14)
FN:109,(anonymous_15)
FN:111,(anonymous_16)
FN:129,(anonymous_17)
FN:130,MojioClientLite
FN:165,(anonymous_19)
FN:184,(anonymous_20)
FN:198,(anonymous_21)
FN:199,(anonymous_22)
FN:205,(anonymous_23)
FN:225,(anonymous_24)
FN:237,(anonymous_25)
FN:248,(anonymous_26)
FN:249,(anonymous_27)
FN:256,(anonymous_28)
FN:262,(anonymous_29)
FN:286,(anonymous_30)
FN:295,(anonymous_31)
FN:296,(anonymous_32)
FN:297,qc
FN:310,(anonymous_34)
FN:315,(anonymous_35)
FN:320,(anonymous_36)
FN:325,(anonymous_37)
FN:330,(anonymous_38)
FN:335,(anonymous_39)
FN:345,(anonymous_40)
FN:352,(anonymous_41)
FN:353,(anonymous_42)
FN:355,(anonymous_43)
FN:361,(anonymous_44)
FN:366,(anonymous_45)
FN:367,(anonymous_46)
FN:368,(anonymous_47)
FN:369,(anonymous_48)
FN:370,(anonymous_49)
FN:371,(anonymous_50)
FN:372,(anonymous_51)
FN:373,(anonymous_52)
FN:374,(anonymous_53)
FN:375,(anonymous_54)
FN:376,(anonymous_55)
FN:377,(anonymous_56)
FN:378,(anonymous_57)
FN:379,(anonymous_58)
FN:380,(anonymous_59)
FN:387,(anonymous_60)
FN:392,(anonymous_61)
FN:393,(anonymous_62)
FN:394,(anonymous_63)
FN:395,(anonymous_64)
FN:411,(anonymous_65)
FN:414,(anonymous_66)
FN:415,(anonymous_67)
FN:417,(anonymous_68)
FN:423,(anonymous_69)
FN:426,(anonymous_70)
FN:427,(anonymous_71)
FN:429,(anonymous_72)
FN:435,(anonymous_73)
FN:438,(anonymous_74)
FN:439,(anonymous_75)
FN:441,(anonymous_76)
FN:447,(anonymous_77)
FN:451,(anonymous_78)
FN:452,(anonymous_79)
FN:453,(anonymous_80)
FN:454,(anonymous_81)
FN:458,(anonymous_82)
FN:462,(anonymous_83)
FN:463,(anonymous_84)
FN:464,(anonymous_85)
FN:465,(anonymous_86)
FN:469,(anonymous_87)
FN:473,(anonymous_88)
FN:474,(anonymous_89)
FN:478,(anonymous_90)
FN:482,(anonymous_91)
FN:483,(anonymous_92)
FN:484,(anonymous_93)
FN:485,(anonymous_94)
FN:487,(anonymous_95)
FN:488,(anonymous_96)
FN:491,(anonymous_97)
FN:492,(anonymous_98)
FN:493,(anonymous_99)
FN:494,(anonymous_100)
FN:498,(anonymous_101)
FN:502,(anonymous_102)
FN:503,(anonymous_103)
FN:504,(anonymous_104)
FN:505,(anonymous_105)
FN:506,(anonymous_106)
FN:507,(anonymous_107)
FN:508,(anonymous_108)
FN:509,(anonymous_109)
FN:510,(anonymous_110)
FN:512,(anonymous_111)
FN:513,(anonymous_112)
FN:516,(anonymous_113)
FN:517,(anonymous_114)
FN:518,(anonymous_115)
FN:519,(anonymous_116)
FN:523,(anonymous_117)
FN:527,(anonymous_118)
FN:528,(anonymous_119)
FN:529,(anonymous_120)
FN:530,(anonymous_121)
FN:531,(anonymous_122)
FN:532,(anonymous_123)
FN:533,(anonymous_124)
FN:534,(anonymous_125)
FN:535,(anonymous_126)
FN:536,(anonymous_127)
FN:537,(anonymous_128)
FN:541,(anonymous_129)
FN:545,(anonymous_130)
FN:546,(anonymous_131)
FN:547,(anonymous_132)
FN:551,(anonymous_133)
FN:555,(anonymous_134)
FN:556,(anonymous_135)
FN:557,(anonymous_136)
FN:558,(anonymous_137)
FN:560,(anonymous_138)
FN:561,(anonymous_139)
FN:562,(anonymous_140)
FN:563,(anonymous_141)
FN:566,(anonymous_142)
FN:567,(anonymous_143)
FN:568,(anonymous_144)
FN:572,(anonymous_145)
FN:576,(anonymous_146)
FN:577,(anonymous_147)
FN:578,(anonymous_148)
FN:580,(anonymous_149)
FN:581,(anonymous_150)
FN:584,(anonymous_151)
FN:585,(anonymous_152)
FN:586,(anonymous_153)
FN:590,(anonymous_154)
FN:594,(anonymous_155)
FN:595,(anonymous_156)
FN:596,(anonymous_157)
FN:597,(anonymous_158)
FN:598,(anonymous_159)
FN:599,(anonymous_160)
FN:613,(anonymous_161)
FNF:161
FNH:20
FNDA:1,(anonymous_1)
FNDA:1,(anonymous_2)
FNDA:1,(anonymous_3)
FNDA:1,(anonymous_4)
FNDA:1,(anonymous_5)
FNDA:1,(anonymous_6)
FNDA:0,(anonymous_7)
FNDA:0,(anonymous_8)
FNDA:1,(anonymous_9)
FNDA:0,(anonymous_10)
FNDA:0,(anonymous_11)
FNDA:5,(anonymous_12)
FNDA:10,(anonymous_13)
FNDA:88,(anonymous_14)
FNDA:4,(anonymous_15)
FNDA:1,(anonymous_16)
FNDA:1,(anonymous_17)
FNDA:4,MojioClientLite
FNDA:0,(anonymous_19)
FNDA:1,(anonymous_20)
FNDA:1,(anonymous_21)
FNDA:0,(anonymous_22)
FNDA:1,(anonymous_23)
FNDA:0,(anonymous_24)
FNDA:0,(anonymous_25)
FNDA:0,(anonymous_26)
FNDA:0,(anonymous_27)
FNDA:0,(anonymous_28)
FNDA:0,(anonymous_29)
FNDA:1,(anonymous_30)
FNDA:0,(anonymous_31)
FNDA:0,(anonymous_32)
FNDA:0,qc
FNDA:0,(anonymous_34)
FNDA:0,(anonymous_35)
FNDA:0,(anonymous_36)
FNDA:0,(anonymous_37)
FNDA:0,(anonymous_38)
FNDA:0,(anonymous_39)
FNDA:0,(anonymous_40)
FNDA:0,(anonymous_41)
FNDA:0,(anonymous_42)
FNDA:0,(anonymous_43)
FNDA:1,(anonymous_44)
FNDA:0,(anonymous_45)
FNDA:0,(anonymous_46)
FNDA:0,(anonymous_47)
FNDA:0,(anonymous_48)
FNDA:0,(anonymous_49)
FNDA:0,(anonymous_50)
FNDA:0,(anonymous_51)
FNDA:0,(anonymous_52)
FNDA:0,(anonymous_53)
FNDA:0,(anonymous_54)
FNDA:0,(anonymous_55)
FNDA:0,(anonymous_56)
FNDA:0,(anonymous_57)
FNDA:0,(anonymous_58)
FNDA:0,(anonymous_59)
FNDA:1,(anonymous_60)
FNDA:0,(anonymous_61)
FNDA:0,(anonymous_62)
FNDA:0,(anonymous_63)
FNDA:0,(anonymous_64)
FNDA:0,(anonymous_65)
FNDA:0,(anonymous_66)
FNDA:0,(anonymous_67)
FNDA:0,(anonymous_68)
FNDA:0,(anonymous_69)
FNDA:0,(anonymous_70)
FNDA:0,(anonymous_71)
FNDA:0,(anonymous_72)
FNDA:0,(anonymous_73)
FNDA:0,(anonymous_74)
FNDA:0,(anonymous_75)
FNDA:0,(anonymous_76)
FNDA:0,(anonymous_77)
FNDA:0,(anonymous_78)
FNDA:0,(anonymous_79)
FNDA:0,(anonymous_80)
FNDA:0,(anonymous_81)
FNDA:0,(anonymous_82)
FNDA:0,(anonymous_83)
FNDA:0,(anonymous_84)
FNDA:0,(anonymous_85)
FNDA:0,(anonymous_86)
FNDA:0,(anonymous_87)
FNDA:0,(anonymous_88)
FNDA:0,(anonymous_89)
FNDA:0,(anonymous_90)
FNDA:0,(anonymous_91)
FNDA:0,(anonymous_92)
FNDA:0,(anonymous_93)
FNDA:0,(anonymous_94)
FNDA:0,(anonymous_95)
FNDA:0,(anonymous_96)
FNDA:0,(anonymous_97)
FNDA:0,(anonymous_98)
FNDA:0,(anonymous_99)
FNDA:0,(anonymous_100)
FNDA:0,(anonymous_101)
FNDA:0,(anonymous_102)
FNDA:0,(anonymous_103)
FNDA:0,(anonymous_104)
FNDA:0,(anonymous_105)
FNDA:0,(anonymous_106)
FNDA:0,(anonymous_107)
FNDA:0,(anonymous_108)
FNDA:0,(anonymous_109)
FNDA:0,(anonymous_110)
FNDA:0,(anonymous_111)
FNDA:0,(anonymous_112)
FNDA:0,(anonymous_113)
FNDA:0,(anonymous_114)
FNDA:0,(anonymous_115)
FNDA:0,(anonymous_116)
FNDA:0,(anonymous_117)
FNDA:0,(anonymous_118)
FNDA:0,(anonymous_119)
FNDA:0,(anonymous_120)
FNDA:0,(anonymous_121)
FNDA:0,(anonymous_122)
FNDA:0,(anonymous_123)
FNDA:0,(anonymous_124)
FNDA:0,(anonymous_125)
FNDA:0,(anonymous_126)
FNDA:0,(anonymous_127)
FNDA:0,(anonymous_128)
FNDA:0,(anonymous_129)
FNDA:0,(anonymous_130)
FNDA:0,(anonymous_131)
FNDA:0,(anonymous_132)
FNDA:0,(anonymous_133)
FNDA:0,(anonymous_134)
FNDA:0,(anonymous_135)
FNDA:0,(anonymous_136)
FNDA:0,(anonymous_137)
FNDA:0,(anonymous_138)
FNDA:0,(anonymous_139)
FNDA:0,(anonymous_140)
FNDA:0,(anonymous_141)
FNDA:0,(anonymous_142)
FNDA:0,(anonymous_143)
FNDA:0,(anonymous_144)
FNDA:0,(anonymous_145)
FNDA:0,(anonymous_146)
FNDA:0,(anonymous_147)
FNDA:0,(anonymous_148)
FNDA:0,(anonymous_149)
FNDA:0,(anonymous_150)
FNDA:0,(anonymous_151)
FNDA:0,(anonymous_152)
FNDA:0,(anonymous_153)
FNDA:0,(anonymous_154)
FNDA:0,(anonymous_155)
FNDA:0,(anonymous_156)
FNDA:0,(anonymous_157)
FNDA:0,(anonymous_158)
FNDA:0,(anonymous_159)
FNDA:0,(anonymous_160)
FNDA:0,(anonymous_161)
DA:5,1
DA:7,1
DA:8,1
DA:9,1
DA:10,1
DA:11,0
DA:13,1
DA:14,1
DA:15,5
DA:16,5
DA:19,1
DA:21,1
DA:23,1
DA:25,1
DA:26,1
DA:27,1
DA:28,1
DA:31,0
DA:34,1
DA:35,1
DA:36,1
DA:37,1
DA:38,1
DA:39,0
DA:40,0
DA:42,1
DA:43,1
DA:44,1
DA:45,4
DA:46,4
DA:47,1
DA:49,3
DA:53,1
DA:54,1
DA:55,0
DA:56,1
DA:57,0
DA:59,1
DA:60,1
DA:61,1
DA:62,0
DA:64,1
DA:65,1
DA:66,1
DA:67,1
DA:70,1
DA:71,0
DA:72,0
DA:73,0
DA:74,0
DA:79,1
DA:81,0
DA:84,1
DA:87,0
DA:90,0
DA:95,1
DA:96,5
DA:97,5
DA:98,5
DA:99,10
DA:100,10
DA:101,53
DA:104,5
DA:107,1
DA:109,88
DA:111,1
DA:113,1
DA:115,0
DA:119,1
DA:120,1
DA:122,0
DA:125,1
DA:129,1
DA:130,1
DA:132,4
DA:133,4
DA:134,4
DA:135,4
DA:136,4
DA:137,4
DA:138,4
DA:139,4
DA:140,4
DA:141,4
DA:142,4
DA:143,4
DA:144,4
DA:145,4
DA:146,4
DA:147,4
DA:148,4
DA:149,4
DA:150,4
DA:151,4
DA:152,4
DA:153,4
DA:155,4
DA:166,0
DA:169,4
DA:170,4
DA:171,4
DA:172,4
DA:173,0
DA:174,0
DA:176,4
DA:177,4
DA:178,4
DA:179,4
DA:181,4
DA:184,1
DA:185,1
DA:187,1
DA:189,1
DA:190,1
DA:198,1
DA:199,1
DA:200,0
DA:201,0
DA:202,0
DA:204,0
DA:206,1
DA:212,0
DA:213,0
DA:214,0
DA:217,0
DA:222,0
DA:225,1
DA:226,0
DA:227,0
DA:228,0
DA:231,0
DA:237,1
DA:238,0
DA:240,0
DA:241,0
DA:248,0
DA:249,0
DA:250,0
DA:252,0
DA:253,0
DA:255,0
DA:257,0
DA:262,1
DA:263,0
DA:264,0
DA:265,0
DA:266,0
DA:267,0
DA:268,0
DA:269,0
DA:270,0
DA:271,0
DA:274,0
DA:277,0
DA:278,0
DA:279,0
DA:280,0
DA:283,0
DA:286,1
DA:287,1
DA:295,1
DA:296,0
DA:297,1
DA:298,0
DA:299,0
DA:300,0
DA:301,0
DA:302,0
DA:303,0
DA:305,0
DA:307,0
DA:310,0
DA:311,0
DA:312,0
DA:315,0
DA:316,0
DA:317,0
DA:320,0
DA:321,0
DA:322,0
DA:325,0
DA:326,0
DA:327,0
DA:330,0
DA:331,0
DA:332,0
DA:335,0
DA:336,0
DA:339,0
DA:342,0
DA:345,1
DA:346,0
DA:348,0
DA:349,0
DA:350,0
DA:352,0
DA:353,0
DA:354,0
DA:356,0
DA:361,1
DA:362,1
DA:364,1
DA:365,1
DA:366,0
DA:367,0
DA:368,0
DA:369,0
DA:370,0
DA:371,0
DA:372,0
DA:373,0
DA:374,0
DA:375,0
DA:376,0
DA:377,0
DA:378,0
DA:379,0
DA:380,0
DA:383,0
DA:387,1
DA:388,1
DA:390,1
DA:391,1
DA:392,0
DA:393,0
DA:394,0
DA:395,0
DA:398,0
DA:399,0
DA:400,0
DA:401,0
DA:404,0
DA:407,0
DA:411,1
DA:412,0
DA:414,0
DA:415,0
DA:416,0
DA:418,0
DA:423,1
DA:424,0
DA:426,0
DA:427,0
DA:428,0
DA:430,0
DA:435,1
DA:436,0
DA:438,0
DA:439,0
DA:440,0
DA:442,0
DA:447,1
DA:448,0
DA:450,0
DA:451,0
DA:452,0
DA:453,0
DA:454,0
DA:458,1
DA:459,0
DA:461,0
DA:462,0
DA:463,0
DA:464,0
DA:465,0
DA:469,1
DA:470,0
DA:472,0
DA:473,0
DA:474,0
DA:478,1
DA:479,0
DA:481,0
DA:482,0
DA:483,0
DA:484,0
DA:486,0
DA:487,0
DA:488,0
DA:491,0
DA:492,0
DA:493,0
DA:494,0
DA:498,1
DA:499,0
DA:501,0
DA:502,0
DA:503,0
DA:504,0
DA:505,0
DA:506,0
DA:507,0
DA:508,0
DA:509,0
DA:511,0
DA:512,0
DA:513,0
DA:516,0
DA:517,0
DA:518,0
DA:519,0
DA:523,1
DA:524,0
DA:526,0
DA:527,0
DA:528,0
DA:529,0
DA:530,0
DA:531,0
DA:532,0
DA:533,0
DA:534,0
DA:535,0
DA:536,0
DA:537,0
DA:541,1
DA:542,0
DA:544,0
DA:545,0
DA:546,0
DA:547,0
DA:551,1
DA:552,0
DA:554,0
DA:555,0
DA:556,0
DA:557,0
DA:559,0
DA:560,0
DA:561,0
DA:562,0
DA:563,0
DA:566,0
DA:567,0
DA:568,0
DA:572,1
DA:573,0
DA:575,0
DA:576,0
DA:577,0
DA:579,0
DA:580,0
DA:581,0
DA:584,0
DA:585,0
DA:586,0
DA:590,1
DA:591,0
DA:593,0
DA:594,0
DA:595,0
DA:596,0
DA:597,0
DA:598,0
DA:599,0
DA:603,1
DA:608,1
DA:609,1
DA:612,0
DA:613,0
DA:614,0
DA:618,0
LF:362
LH:130
BRDA:10,1,0,0
BRDA:10,1,1,1
BRDA:15,2,0,5
BRDA:15,2,1,0
BRDA:27,3,0,1
BRDA:27,3,1,0
BRDA:27,4,0,1
BRDA:27,4,1,1
BRDA:35,5,0,1
BRDA:35,5,1,0
BRDA:36,6,0,1
BRDA:36,6,1,0
BRDA:38,7,0,0
BRDA:38,7,1,1
BRDA:38,8,0,1
BRDA:38,8,1,0
BRDA:45,9,0,4
BRDA:45,9,1,0
BRDA:46,10,0,1
BRDA:46,10,1,3
BRDA:54,11,0,0
BRDA:54,11,1,1
BRDA:56,12,0,0
BRDA:56,12,1,1
BRDA:61,13,0,0
BRDA:61,13,1,1
BRDA:61,14,0,1
BRDA:61,14,1,1
BRDA:65,15,0,1
BRDA:65,15,1,0
BRDA:65,16,0,1
BRDA:65,16,1,0
BRDA:72,17,0,0
BRDA:72,17,1,0
BRDA:72,18,0,0
BRDA:72,18,1,0
BRDA:113,19,0,0
BRDA:113,19,1,1
BRDA:113,20,0,1
BRDA:113,20,1,1
BRDA:120,21,0,0
BRDA:120,21,1,1
BRDA:120,22,0,1
BRDA:120,22,1,1
BRDA:161,23,0,0
BRDA:161,23,1,4
BRDA:172,24,0,0
BRDA:172,24,1,4
BRDA:185,25,0,1
BRDA:185,25,1,0
BRDA:212,26,0,0
BRDA:212,26,1,0
BRDA:212,27,0,0
BRDA:212,27,1,0
BRDA:226,28,0,0
BRDA:226,28,1,0
BRDA:226,29,0,0
BRDA:226,29,1,0
BRDA:265,30,0,0
BRDA:265,30,1,0
BRDA:265,31,0,0
BRDA:265,31,1,0
BRDA:268,32,0,0
BRDA:268,32,1,0
BRDA:278,33,0,0
BRDA:278,33,1,0
BRDA:278,34,0,0
BRDA:278,34,1,0
BRDA:278,34,2,0
BRDA:278,34,3,0
BRDA:348,35,0,0
BRDA:348,35,1,0
BRDA:349,36,0,0
BRDA:349,36,1,0
BRDA:353,37,0,0
BRDA:353,37,1,0
BRDA:364,38,0,1
BRDA:364,38,1,0
BRDA:383,39,0,0
BRDA:383,39,1,0
BRDA:390,40,0,1
BRDA:390,40,1,0
BRDA:399,41,0,0
BRDA:399,41,1,0
BRDA:399,42,0,0
BRDA:399,42,1,0
BRDA:415,43,0,0
BRDA:415,43,1,0
BRDA:415,44,0,0
BRDA:415,44,1,0
BRDA:427,45,0,0
BRDA:427,45,1,0
BRDA:427,46,0,0
BRDA:427,46,1,0
BRDA:439,47,0,0
BRDA:439,47,1,0
BRDA:439,48,0,0
BRDA:439,48,1,0
BRDA:608,49,0,1
BRDA:608,49,1,0
BRDA:608,50,0,1
BRDA:608,50,1,1
BRDA:612,51,0,0
BRDA:612,51,1,0
BRDA:612,52,0,0
BRDA:612,52,1,0
BRF:106
BRH:33
end_of_record
